<?xml version="1.0" encoding="UTF-8"?>
<trace:TraceModel xmi:version="2.0"
    xmlns:xmi="http://www.omg.org/XMI"
    xmlns:trace="http://www.eclipse.org/gmf/2006/Trace">
  <nodeTraces
      visualID="2007"
      queryText="(let _eClass_:ecore::EClass = modelFacet.metaClass.ecoreClass in _eClass_.ePackage.nsURI = 'http://org.ow2.fractal/mind/mind.ecore/0.2.0' and _eClass_.name = 'CompositeComponentDefinition') and (let _containmentMF_:ecore::EStructuralFeature = modelFacet.containmentMetaFeature.ecoreFeature in (let _eClass_:ecore::EClass = _containmentMF_.eContainingClass in _eClass_.ePackage.nsURI = 'http://org.ow2.fractal/mind/mind.ecore/0.2.0' and _eClass_.name = 'AdlDefinition') and _containmentMF_.name = 'architecturedefinition')">
    <nodeLabelTraces
        visualID="5113"
        queryText="true"/>
    <compartmentTraces
        visualID="7064"
        queryText="true"/>
  </nodeTraces>
  <nodeTraces
      visualID="2008"
      queryText="(let _eClass_:ecore::EClass = modelFacet.metaClass.ecoreClass in _eClass_.ePackage.nsURI = 'http://org.ow2.fractal/mind/mind.ecore/0.2.0' and _eClass_.name = 'PrimitiveComponentDefinition') and (let _containmentMF_:ecore::EStructuralFeature = modelFacet.containmentMetaFeature.ecoreFeature in (let _eClass_:ecore::EClass = _containmentMF_.eContainingClass in _eClass_.ePackage.nsURI = 'http://org.ow2.fractal/mind/mind.ecore/0.2.0' and _eClass_.name = 'AdlDefinition') and _containmentMF_.name = 'architecturedefinition')">
    <nodeLabelTraces
        visualID="5117"
        queryText="true"/>
    <compartmentTraces
        visualID="7080"
        queryText="true"/>
  </nodeTraces>
  <nodeTraces
      visualID="2009"
      queryText="(let _eClass_:ecore::EClass = modelFacet.metaClass.ecoreClass in _eClass_.ePackage.nsURI = 'http://org.ow2.fractal/mind/mind.ecore/0.2.0' and _eClass_.name = 'ComponentTypeDefinition') and (let _containmentMF_:ecore::EStructuralFeature = modelFacet.containmentMetaFeature.ecoreFeature in (let _eClass_:ecore::EClass = _containmentMF_.eContainingClass in _eClass_.ePackage.nsURI = 'http://org.ow2.fractal/mind/mind.ecore/0.2.0' and _eClass_.name = 'AdlDefinition') and _containmentMF_.name = 'architecturedefinition')">
    <nodeLabelTraces
        visualID="5119"
        queryText="true"/>
    <compartmentTraces
        visualID="7084"
        queryText="true"/>
  </nodeTraces>
  <childNodeTraces
      visualID="3096"
      queryText="(let _eClass_:ecore::EClass = modelFacet.metaClass.ecoreClass in _eClass_.ePackage.nsURI = 'http://org.ow2.fractal/mind/mind.ecore/0.2.0' and _eClass_.name = 'TemplateSpecifiersList') and (let _containmentMF_:ecore::EStructuralFeature = modelFacet.containmentMetaFeature.ecoreFeature in (let _eClass_:ecore::EClass = _containmentMF_.eContainingClass in _eClass_.ePackage.nsURI = 'http://org.ow2.fractal/mind/mind.ecore/0.2.0' and _eClass_.name = 'CompositeComponentDefinition') and _containmentMF_.name = 'templateSpecifiersList')">
    <compartmentTraces
        visualID="7065"
        queryText="true"/>
  </childNodeTraces>
  <childNodeTraces
      visualID="3097"
      queryText="(let _eClass_:ecore::EClass = modelFacet.metaClass.ecoreClass in _eClass_.ePackage.nsURI = 'http://org.ow2.fractal/mind/mind.ecore/0.2.0' and _eClass_.name = 'TemplateSpecifier') and (let _containmentMF_:ecore::EStructuralFeature = modelFacet.containmentMetaFeature.ecoreFeature in (let _eClass_:ecore::EClass = _containmentMF_.eContainingClass in _eClass_.ePackage.nsURI = 'http://org.ow2.fractal/mind/mind.ecore/0.2.0' and _eClass_.name = 'TemplateSpecifiersList') and _containmentMF_.name = 'templateSpecifiers')">
    <nodeLabelTraces
        visualID="5090"
        queryText="true"/>
  </childNodeTraces>
  <childNodeTraces
      visualID="3098"
      queryText="(let _eClass_:ecore::EClass = modelFacet.metaClass.ecoreClass in _eClass_.ePackage.nsURI = 'http://org.ow2.fractal/mind/mind.ecore/0.2.0' and _eClass_.name = 'TypeReferenceDefinition') and (let _containmentMF_:ecore::EStructuralFeature = modelFacet.containmentMetaFeature.ecoreFeature in (let _eClass_:ecore::EClass = _containmentMF_.eContainingClass in _eClass_.ePackage.nsURI = 'http://org.ow2.fractal/mind/mind.ecore/0.2.0' and _eClass_.name = 'TemplateSpecifier') and _containmentMF_.name = 'reference')">
    <nodeLabelTraces
        visualID="5089"
        queryText="true"/>
  </childNodeTraces>
  <childNodeTraces
      visualID="3099"
      queryText="(let _eClass_:ecore::EClass = modelFacet.metaClass.ecoreClass in _eClass_.ePackage.nsURI = 'http://org.ow2.fractal/mind/mind.ecore/0.2.0' and _eClass_.name = 'FormalArgumentsList') and (let _containmentMF_:ecore::EStructuralFeature = modelFacet.containmentMetaFeature.ecoreFeature in (let _eClass_:ecore::EClass = _containmentMF_.eContainingClass in _eClass_.ePackage.nsURI = 'http://org.ow2.fractal/mind/mind.ecore/0.2.0' and _eClass_.name = 'CompositeComponentDefinition') and _containmentMF_.name = 'compositeFormalArgumentsList')">
    <compartmentTraces
        visualID="7066"
        queryText="true"/>
  </childNodeTraces>
  <childNodeTraces
      visualID="3100"
      queryText="(let _eClass_:ecore::EClass = modelFacet.metaClass.ecoreClass in _eClass_.ePackage.nsURI = 'http://org.ow2.fractal/mind/mind.ecore/0.2.0' and _eClass_.name = 'FormalArgument') and (let _containmentMF_:ecore::EStructuralFeature = modelFacet.containmentMetaFeature.ecoreFeature in (let _eClass_:ecore::EClass = _containmentMF_.eContainingClass in _eClass_.ePackage.nsURI = 'http://org.ow2.fractal/mind/mind.ecore/0.2.0' and _eClass_.name = 'FormalArgumentsList') and _containmentMF_.name = 'formalArguments')">
    <nodeLabelTraces
        visualID="5091"
        queryText="true"/>
  </childNodeTraces>
  <childNodeTraces
      visualID="3101"
      queryText="(let _eClass_:ecore::EClass = modelFacet.metaClass.ecoreClass in _eClass_.ePackage.nsURI = 'http://org.ow2.fractal/mind/mind.ecore/0.2.0' and _eClass_.name = 'CompositeReferencesList') and (let _containmentMF_:ecore::EStructuralFeature = modelFacet.containmentMetaFeature.ecoreFeature in (let _eClass_:ecore::EClass = _containmentMF_.eContainingClass in _eClass_.ePackage.nsURI = 'http://org.ow2.fractal/mind/mind.ecore/0.2.0' and _eClass_.name = 'ArchitectureDefinition') and _containmentMF_.name = 'referencesList')">
    <compartmentTraces
        visualID="7067"
        queryText="true"/>
  </childNodeTraces>
  <childNodeTraces
      visualID="3102"
      queryText="(let _eClass_:ecore::EClass = modelFacet.metaClass.ecoreClass in _eClass_.ePackage.nsURI = 'http://org.ow2.fractal/mind/mind.ecore/0.2.0' and _eClass_.name = 'CompositeReferenceDefinition') and (let _containmentMF_:ecore::EStructuralFeature = modelFacet.containmentMetaFeature.ecoreFeature in (let _eClass_:ecore::EClass = _containmentMF_.eContainingClass in _eClass_.ePackage.nsURI = 'http://org.ow2.fractal/mind/mind.ecore/0.2.0' and _eClass_.name = 'ReferencesList') and _containmentMF_.name = 'references')">
    <nodeLabelTraces
        visualID="5095"
        queryText="true"/>
    <compartmentTraces
        visualID="7068"
        queryText="true"/>
  </childNodeTraces>
  <childNodeTraces
      visualID="3103"
      queryText="(let _eClass_:ecore::EClass = modelFacet.metaClass.ecoreClass in _eClass_.ePackage.nsURI = 'http://org.ow2.fractal/mind/mind.ecore/0.2.0' and _eClass_.name = 'ArgumentDefinition') and (let _containmentMF_:ecore::EStructuralFeature = modelFacet.containmentMetaFeature.ecoreFeature in (let _eClass_:ecore::EClass = _containmentMF_.eContainingClass in _eClass_.ePackage.nsURI = 'http://org.ow2.fractal/mind/mind.ecore/0.2.0' and _eClass_.name = 'ComponentReference') and _containmentMF_.name = 'argumentsList')">
    <nodeLabelTraces
        visualID="5092"
        queryText="true"/>
  </childNodeTraces>
  <childNodeTraces
      visualID="3104"
      queryText="(let _eClass_:ecore::EClass = modelFacet.metaClass.ecoreClass in _eClass_.ePackage.nsURI = 'http://org.ow2.fractal/mind/mind.ecore/0.2.0' and _eClass_.name = 'TemplateDefinition') and (let _containmentMF_:ecore::EStructuralFeature = modelFacet.containmentMetaFeature.ecoreFeature in (let _eClass_:ecore::EClass = _containmentMF_.eContainingClass in _eClass_.ePackage.nsURI = 'http://org.ow2.fractal/mind/mind.ecore/0.2.0' and _eClass_.name = 'ComponentReference') and _containmentMF_.name = 'templatesList')">
    <nodeLabelTraces
        visualID="5094"
        queryText="true"/>
    <compartmentTraces
        visualID="7069"
        queryText="true"/>
  </childNodeTraces>
  <childNodeTraces
      visualID="3105"
      queryText="(let _eClass_:ecore::EClass = modelFacet.metaClass.ecoreClass in _eClass_.ePackage.nsURI = 'http://org.ow2.fractal/mind/mind.ecore/0.2.0' and _eClass_.name = 'CompositeReferenceDefinition') and (let _containmentMF_:ecore::EStructuralFeature = modelFacet.containmentMetaFeature.ecoreFeature in (let _eClass_:ecore::EClass = _containmentMF_.eContainingClass in _eClass_.ePackage.nsURI = 'http://org.ow2.fractal/mind/mind.ecore/0.2.0' and _eClass_.name = 'TemplateSpecifier') and _containmentMF_.name = 'reference')">
    <nodeLabelTraces
        visualID="5093"
        queryText="true"/>
    <compartmentTraces
        visualID="7070"
        queryText="true"/>
  </childNodeTraces>
  <childNodeTraces
      visualID="3106"
      queryText="(let _eClass_:ecore::EClass = modelFacet.metaClass.ecoreClass in _eClass_.ePackage.nsURI = 'http://org.ow2.fractal/mind/mind.ecore/0.2.0' and _eClass_.name = 'InterfaceDefinition') and (let _containmentMF_:ecore::EStructuralFeature = modelFacet.containmentMetaFeature.ecoreFeature in (let _eClass_:ecore::EClass = _containmentMF_.eContainingClass in _eClass_.ePackage.nsURI = 'http://org.ow2.fractal/mind/mind.ecore/0.2.0' and _eClass_.name = 'ArchitectureDefinition') and _containmentMF_.name = 'elements')">
    <nodeLabelTraces
        visualID="5096"
        queryText="true"/>
  </childNodeTraces>
  <childNodeTraces
      visualID="3107"
      queryText="(let _eClass_:ecore::EClass = modelFacet.metaClass.ecoreClass in _eClass_.ePackage.nsURI = 'http://org.ow2.fractal/mind/mind.ecore/0.2.0' and _eClass_.name = 'TemplateSubComponent') and (let _containmentMF_:ecore::EStructuralFeature = modelFacet.containmentMetaFeature.ecoreFeature in (let _eClass_:ecore::EClass = _containmentMF_.eContainingClass in _eClass_.ePackage.nsURI = 'http://org.ow2.fractal/mind/mind.ecore/0.2.0' and _eClass_.name = 'ArchitectureDefinition') and _containmentMF_.name = 'elements')">
    <nodeLabelTraces
        visualID="5112"
        queryText="true"/>
    <compartmentTraces
        visualID="7071"
        queryText="true"/>
  </childNodeTraces>
  <childNodeTraces
      visualID="3108"
      queryText="(let _eClass_:ecore::EClass = modelFacet.metaClass.ecoreClass in _eClass_.ePackage.nsURI = 'http://org.ow2.fractal/mind/mind.ecore/0.2.0' and _eClass_.name = 'CompositeReferenceDefinition') and (let _containmentMF_:ecore::EStructuralFeature = modelFacet.containmentMetaFeature.ecoreFeature in (let _eClass_:ecore::EClass = _containmentMF_.eContainingClass in _eClass_.ePackage.nsURI = 'http://org.ow2.fractal/mind/mind.ecore/0.2.0' and _eClass_.name = 'ArchitectureDefinition') and _containmentMF_.name = 'referenceDefinition')">
    <nodeLabelTraces
        visualID="5098"
        queryText="true"/>
    <compartmentTraces
        visualID="7072"
        queryText="true"/>
  </childNodeTraces>
  <childNodeTraces
      visualID="3109"
      queryText="(let _eClass_:ecore::EClass = modelFacet.metaClass.ecoreClass in _eClass_.ePackage.nsURI = 'http://org.ow2.fractal/mind/mind.ecore/0.2.0' and _eClass_.name = 'ArgumentDefinition') and (let _containmentMF_:ecore::EStructuralFeature = modelFacet.containmentMetaFeature.ecoreFeature in (let _eClass_:ecore::EClass = _containmentMF_.eContainingClass in _eClass_.ePackage.nsURI = 'http://org.ow2.fractal/mind/mind.ecore/0.2.0' and _eClass_.name = 'ComponentReference') and _containmentMF_.name = 'argumentsList')">
    <nodeLabelTraces
        visualID="5097"
        queryText="true"/>
  </childNodeTraces>
  <childNodeTraces
      visualID="3110"
      queryText="(let _eClass_:ecore::EClass = modelFacet.metaClass.ecoreClass in _eClass_.ePackage.nsURI = 'http://org.ow2.fractal/mind/mind.ecore/0.2.0' and _eClass_.name = 'AttributeDefinition') and (let _containmentMF_:ecore::EStructuralFeature = modelFacet.containmentMetaFeature.ecoreFeature in (let _eClass_:ecore::EClass = _containmentMF_.eContainingClass in _eClass_.ePackage.nsURI = 'http://org.ow2.fractal/mind/mind.ecore/0.2.0' and _eClass_.name = 'ArchitectureDefinition') and _containmentMF_.name = 'elements')">
    <nodeLabelTraces
        visualID="5099"
        queryText="true"/>
  </childNodeTraces>
  <childNodeTraces
      visualID="3111"
      queryText="(let _eClass_:ecore::EClass = modelFacet.metaClass.ecoreClass in _eClass_.ePackage.nsURI = 'http://org.ow2.fractal/mind/mind.ecore/0.2.0' and _eClass_.name = 'CompositeSubComponent') and (let _containmentMF_:ecore::EStructuralFeature = modelFacet.containmentMetaFeature.ecoreFeature in (let _eClass_:ecore::EClass = _containmentMF_.eContainingClass in _eClass_.ePackage.nsURI = 'http://org.ow2.fractal/mind/mind.ecore/0.2.0' and _eClass_.name = 'ArchitectureDefinition') and _containmentMF_.name = 'elements')">
    <nodeLabelTraces
        visualID="5111"
        queryText="true"/>
    <compartmentTraces
        visualID="7073"
        queryText="true"/>
  </childNodeTraces>
  <childNodeTraces
      visualID="3112"
      queryText="(let _eClass_:ecore::EClass = modelFacet.metaClass.ecoreClass in _eClass_.ePackage.nsURI = 'http://org.ow2.fractal/mind/mind.ecore/0.2.0' and _eClass_.name = 'CompositeAnonymousSubComponent') and (let _containmentMF_:ecore::EStructuralFeature = modelFacet.containmentMetaFeature.ecoreFeature in (let _eClass_:ecore::EClass = _containmentMF_.eContainingClass in _eClass_.ePackage.nsURI = 'http://org.ow2.fractal/mind/mind.ecore/0.2.0' and _eClass_.name = 'ArchitectureDefinition') and _containmentMF_.name = 'elements')">
    <nodeLabelTraces
        visualID="5110"
        queryText="true"/>
    <compartmentTraces
        visualID="7074"
        queryText="true"/>
  </childNodeTraces>
  <childNodeTraces
      visualID="3113"
      queryText="(let _eClass_:ecore::EClass = modelFacet.metaClass.ecoreClass in _eClass_.ePackage.nsURI = 'http://org.ow2.fractal/mind/mind.ecore/0.2.0' and _eClass_.name = 'PrimitiveSubComponent') and (let _containmentMF_:ecore::EStructuralFeature = modelFacet.containmentMetaFeature.ecoreFeature in (let _eClass_:ecore::EClass = _containmentMF_.eContainingClass in _eClass_.ePackage.nsURI = 'http://org.ow2.fractal/mind/mind.ecore/0.2.0' and _eClass_.name = 'ArchitectureDefinition') and _containmentMF_.name = 'elements')">
    <nodeLabelTraces
        visualID="5108"
        queryText="true"/>
    <compartmentTraces
        visualID="7075"
        queryText="true"/>
  </childNodeTraces>
  <childNodeTraces
      visualID="3114"
      queryText="(let _eClass_:ecore::EClass = modelFacet.metaClass.ecoreClass in _eClass_.ePackage.nsURI = 'http://org.ow2.fractal/mind/mind.ecore/0.2.0' and _eClass_.name = 'ImplementationDefinition') and (let _containmentMF_:ecore::EStructuralFeature = modelFacet.containmentMetaFeature.ecoreFeature in (let _eClass_:ecore::EClass = _containmentMF_.eContainingClass in _eClass_.ePackage.nsURI = 'http://org.ow2.fractal/mind/mind.ecore/0.2.0' and _eClass_.name = 'ArchitectureDefinition') and _containmentMF_.name = 'elements')">
    <nodeLabelTraces
        visualID="5102"
        queryText="true"/>
    <compartmentTraces
        visualID="7076"
        queryText="true"/>
  </childNodeTraces>
  <childNodeTraces
      visualID="3115"
      queryText="(let _eClass_:ecore::EClass = modelFacet.metaClass.ecoreClass in _eClass_.ePackage.nsURI = 'http://org.ow2.fractal/mind/mind.ecore/0.2.0' and _eClass_.name = 'FileC') and (let _containmentMF_:ecore::EStructuralFeature = modelFacet.containmentMetaFeature.ecoreFeature in (let _eClass_:ecore::EClass = _containmentMF_.eContainingClass in _eClass_.ePackage.nsURI = 'http://org.ow2.fractal/mind/mind.ecore/0.2.0' and _eClass_.name = 'ImplementationDefinition') and _containmentMF_.name = 'fileC')">
    <nodeLabelTraces
        visualID="5100"
        queryText="true"/>
  </childNodeTraces>
  <childNodeTraces
      visualID="3116"
      queryText="(let _eClass_:ecore::EClass = modelFacet.metaClass.ecoreClass in _eClass_.ePackage.nsURI = 'http://org.ow2.fractal/mind/mind.ecore/0.2.0' and _eClass_.name = 'InlineCodeC') and (let _containmentMF_:ecore::EStructuralFeature = modelFacet.containmentMetaFeature.ecoreFeature in (let _eClass_:ecore::EClass = _containmentMF_.eContainingClass in _eClass_.ePackage.nsURI = 'http://org.ow2.fractal/mind/mind.ecore/0.2.0' and _eClass_.name = 'ImplementationDefinition') and _containmentMF_.name = 'inlineCcode')">
    <nodeLabelTraces
        visualID="5101"
        queryText="true"/>
  </childNodeTraces>
  <childNodeTraces
      visualID="3117"
      queryText="(let _eClass_:ecore::EClass = modelFacet.metaClass.ecoreClass in _eClass_.ePackage.nsURI = 'http://org.ow2.fractal/mind/mind.ecore/0.2.0' and _eClass_.name = 'DataDefinition') and (let _containmentMF_:ecore::EStructuralFeature = modelFacet.containmentMetaFeature.ecoreFeature in (let _eClass_:ecore::EClass = _containmentMF_.eContainingClass in _eClass_.ePackage.nsURI = 'http://org.ow2.fractal/mind/mind.ecore/0.2.0' and _eClass_.name = 'ArchitectureDefinition') and _containmentMF_.name = 'elements')">
    <nodeLabelTraces
        visualID="5105"
        queryText="true"/>
    <compartmentTraces
        visualID="7077"
        queryText="true"/>
  </childNodeTraces>
  <childNodeTraces
      visualID="3118"
      queryText="(let _eClass_:ecore::EClass = modelFacet.metaClass.ecoreClass in _eClass_.ePackage.nsURI = 'http://org.ow2.fractal/mind/mind.ecore/0.2.0' and _eClass_.name = 'FileC') and (let _containmentMF_:ecore::EStructuralFeature = modelFacet.containmentMetaFeature.ecoreFeature in (let _eClass_:ecore::EClass = _containmentMF_.eContainingClass in _eClass_.ePackage.nsURI = 'http://org.ow2.fractal/mind/mind.ecore/0.2.0' and _eClass_.name = 'DataDefinition') and _containmentMF_.name = 'fileC')">
    <nodeLabelTraces
        visualID="5103"
        queryText="true"/>
  </childNodeTraces>
  <childNodeTraces
      visualID="3119"
      queryText="(let _eClass_:ecore::EClass = modelFacet.metaClass.ecoreClass in _eClass_.ePackage.nsURI = 'http://org.ow2.fractal/mind/mind.ecore/0.2.0' and _eClass_.name = 'InlineCodeC') and (let _containmentMF_:ecore::EStructuralFeature = modelFacet.containmentMetaFeature.ecoreFeature in (let _eClass_:ecore::EClass = _containmentMF_.eContainingClass in _eClass_.ePackage.nsURI = 'http://org.ow2.fractal/mind/mind.ecore/0.2.0' and _eClass_.name = 'DataDefinition') and _containmentMF_.name = 'inlineCcode')">
    <nodeLabelTraces
        visualID="5104"
        queryText="true"/>
  </childNodeTraces>
  <childNodeTraces
      visualID="3120"
      queryText="(let _eClass_:ecore::EClass = modelFacet.metaClass.ecoreClass in _eClass_.ePackage.nsURI = 'http://org.ow2.fractal/mind/mind.ecore/0.2.0' and _eClass_.name = 'PrimitiveReferenceDefinition') and (let _containmentMF_:ecore::EStructuralFeature = modelFacet.containmentMetaFeature.ecoreFeature in (let _eClass_:ecore::EClass = _containmentMF_.eContainingClass in _eClass_.ePackage.nsURI = 'http://org.ow2.fractal/mind/mind.ecore/0.2.0' and _eClass_.name = 'ArchitectureDefinition') and _containmentMF_.name = 'referenceDefinition')">
    <nodeLabelTraces
        visualID="5107"
        queryText="true"/>
    <compartmentTraces
        visualID="7078"
        queryText="true"/>
  </childNodeTraces>
  <childNodeTraces
      visualID="3121"
      queryText="(let _eClass_:ecore::EClass = modelFacet.metaClass.ecoreClass in _eClass_.ePackage.nsURI = 'http://org.ow2.fractal/mind/mind.ecore/0.2.0' and _eClass_.name = 'ArgumentDefinition') and (let _containmentMF_:ecore::EStructuralFeature = modelFacet.containmentMetaFeature.ecoreFeature in (let _eClass_:ecore::EClass = _containmentMF_.eContainingClass in _eClass_.ePackage.nsURI = 'http://org.ow2.fractal/mind/mind.ecore/0.2.0' and _eClass_.name = 'ComponentReference') and _containmentMF_.name = 'argumentsList')">
    <nodeLabelTraces
        visualID="5106"
        queryText="true"/>
  </childNodeTraces>
  <childNodeTraces
      visualID="3122"
      queryText="(let _eClass_:ecore::EClass = modelFacet.metaClass.ecoreClass in _eClass_.ePackage.nsURI = 'http://org.ow2.fractal/mind/mind.ecore/0.2.0' and _eClass_.name = 'PrimitiveAnonymousSubComponent') and (let _containmentMF_:ecore::EStructuralFeature = modelFacet.containmentMetaFeature.ecoreFeature in (let _eClass_:ecore::EClass = _containmentMF_.eContainingClass in _eClass_.ePackage.nsURI = 'http://org.ow2.fractal/mind/mind.ecore/0.2.0' and _eClass_.name = 'ArchitectureDefinition') and _containmentMF_.name = 'elements')">
    <nodeLabelTraces
        visualID="5109"
        queryText="true"/>
    <compartmentTraces
        visualID="7079"
        queryText="true"/>
  </childNodeTraces>
  <childNodeTraces
      visualID="3123"
      queryText="(let _eClass_:ecore::EClass = modelFacet.metaClass.ecoreClass in _eClass_.ePackage.nsURI = 'http://org.ow2.fractal/mind/mind.ecore/0.2.0' and _eClass_.name = 'FormalArgumentsList') and (let _containmentMF_:ecore::EStructuralFeature = modelFacet.containmentMetaFeature.ecoreFeature in (let _eClass_:ecore::EClass = _containmentMF_.eContainingClass in _eClass_.ePackage.nsURI = 'http://org.ow2.fractal/mind/mind.ecore/0.2.0' and _eClass_.name = 'PrimitiveComponentDefinition') and _containmentMF_.name = 'primitiveFormalArgumentsList')">
    <compartmentTraces
        visualID="7081"
        queryText="true"/>
  </childNodeTraces>
  <childNodeTraces
      visualID="3124"
      queryText="(let _eClass_:ecore::EClass = modelFacet.metaClass.ecoreClass in _eClass_.ePackage.nsURI = 'http://org.ow2.fractal/mind/mind.ecore/0.2.0' and _eClass_.name = 'PrimitiveReferencesList') and (let _containmentMF_:ecore::EStructuralFeature = modelFacet.containmentMetaFeature.ecoreFeature in (let _eClass_:ecore::EClass = _containmentMF_.eContainingClass in _eClass_.ePackage.nsURI = 'http://org.ow2.fractal/mind/mind.ecore/0.2.0' and _eClass_.name = 'ArchitectureDefinition') and _containmentMF_.name = 'referencesList')">
    <nodeLabelTraces
        visualID="5116"
        queryText="true"/>
    <compartmentTraces
        visualID="7082"
        queryText="true"/>
  </childNodeTraces>
  <childNodeTraces
      visualID="3125"
      queryText="(let _eClass_:ecore::EClass = modelFacet.metaClass.ecoreClass in _eClass_.ePackage.nsURI = 'http://org.ow2.fractal/mind/mind.ecore/0.2.0' and _eClass_.name = 'PrimitiveReferenceDefinition') and (let _containmentMF_:ecore::EStructuralFeature = modelFacet.containmentMetaFeature.ecoreFeature in (let _eClass_:ecore::EClass = _containmentMF_.eContainingClass in _eClass_.ePackage.nsURI = 'http://org.ow2.fractal/mind/mind.ecore/0.2.0' and _eClass_.name = 'ReferencesList') and _containmentMF_.name = 'references')">
    <nodeLabelTraces
        visualID="5115"
        queryText="true"/>
    <compartmentTraces
        visualID="7083"
        queryText="true"/>
  </childNodeTraces>
  <childNodeTraces
      visualID="3126"
      queryText="(let _eClass_:ecore::EClass = modelFacet.metaClass.ecoreClass in _eClass_.ePackage.nsURI = 'http://org.ow2.fractal/mind/mind.ecore/0.2.0' and _eClass_.name = 'ArgumentDefinition') and (let _containmentMF_:ecore::EStructuralFeature = modelFacet.containmentMetaFeature.ecoreFeature in (let _eClass_:ecore::EClass = _containmentMF_.eContainingClass in _eClass_.ePackage.nsURI = 'http://org.ow2.fractal/mind/mind.ecore/0.2.0' and _eClass_.name = 'ComponentReference') and _containmentMF_.name = 'argumentsList')">
    <nodeLabelTraces
        visualID="5114"
        queryText="true"/>
  </childNodeTraces>
  <childNodeTraces
      visualID="3127"
      queryText="(let _eClass_:ecore::EClass = modelFacet.metaClass.ecoreClass in _eClass_.ePackage.nsURI = 'http://org.ow2.fractal/mind/mind.ecore/0.2.0' and _eClass_.name = 'TypeReferencesList') and (let _containmentMF_:ecore::EStructuralFeature = modelFacet.containmentMetaFeature.ecoreFeature in (let _eClass_:ecore::EClass = _containmentMF_.eContainingClass in _eClass_.ePackage.nsURI = 'http://org.ow2.fractal/mind/mind.ecore/0.2.0' and _eClass_.name = 'ArchitectureDefinition') and _containmentMF_.name = 'referencesList')">
    <compartmentTraces
        visualID="7085"
        queryText="true"/>
  </childNodeTraces>
  <childNodeTraces
      visualID="3128"
      queryText="(let _eClass_:ecore::EClass = modelFacet.metaClass.ecoreClass in _eClass_.ePackage.nsURI = 'http://org.ow2.fractal/mind/mind.ecore/0.2.0' and _eClass_.name = 'TypeReferenceDefinition') and (let _containmentMF_:ecore::EStructuralFeature = modelFacet.containmentMetaFeature.ecoreFeature in (let _eClass_:ecore::EClass = _containmentMF_.eContainingClass in _eClass_.ePackage.nsURI = 'http://org.ow2.fractal/mind/mind.ecore/0.2.0' and _eClass_.name = 'ReferencesList') and _containmentMF_.name = 'references')">
    <nodeLabelTraces
        visualID="5118"
        queryText="true"/>
  </childNodeTraces>
  <linkTraces
      visualID="4003"
      queryText="modelFacet.oclIsKindOf(gmfgen::TypeLinkModelFacet) and (let _eClass_:ecore::EClass = modelFacet.oclAsType(gmfgen::TypeLinkModelFacet).metaClass.ecoreClass in _eClass_.ePackage.nsURI = 'http://org.ow2.fractal/mind/mind.ecore/0.2.0' and _eClass_.name = 'BindingDefinition')"/>
</trace:TraceModel>
